<?xml version="1.0" encoding="UTF-8"?>
<!-- Generated by org.testng.reporters.JUnitReportReporter -->
<testsuite hostname="LAPTOP-PFK9FELN" failures="0" tests="2" name="TestCases.TestHomePage" time="32.480" errors="0" timestamp="2025-09-08T11:33:20 IST" skipped="0">
  <testcase classname="TestCases.TestHomePage" name="TestPageTitle" time="16.108"/>
  <testcase classname="TestCases.TestHomePage" name="TestPageUrl" time="16.372"/>
</testsuite> <!-- TestCases.TestHomePage -->
