<?xml version="1.0" encoding="UTF-8"?>
<!-- Generated by org.testng.reporters.JUnitReportReporter -->
<testsuite hostname="LAPTOP-PFK9FELN" failures="0" tests="1" name="TestCases.TestCartBadgeCountValidationPage" time="16.836" errors="0" timestamp="2025-09-08T11:33:20 IST" skipped="0">
  <testcase classname="TestCases.TestCartBadgeCountValidationPage" name="ValidateCartCountBadge" time="16.836"/>
</testsuite> <!-- TestCases.TestCartBadgeCountValidationPage -->
