<?xml version="1.0" encoding="UTF-8"?>
<!-- Generated by org.testng.reporters.JUnitReportReporter -->
<testsuite hostname="LAPTOP-PFK9FELN" failures="0" tests="1" name="TestCases.TestLogOutPage" time="18.285" errors="0" timestamp="2025-09-08T11:33:20 IST" skipped="0">
  <testcase classname="TestCases.TestLogOutPage" name="LogOutAndVerify" time="18.285"/>
</testsuite> <!-- TestCases.TestLogOutPage -->
