<?xml version="1.0" encoding="UTF-8"?>
<!-- Generated by org.testng.reporters.JUnitReportReporter -->
<testsuite hostname="LAPTOP-PFK9FELN" failures="0" tests="2" name="TestCases.TestCheckOutPage" time="34.501" errors="0" timestamp="2025-09-08T11:33:20 IST" skipped="0">
  <testcase classname="TestCases.TestCheckOutPage" name="AutomateCheckOutAndVerify" time="17.143"/>
  <testcase classname="TestCases.TestCheckOutPage" name="FinishOrderAndVerifyConfirmMassage" time="17.358"/>
</testsuite> <!-- TestCases.TestCheckOutPage -->
