<?xml version="1.0" encoding="UTF-8"?>
<!-- Generated by org.testng.reporters.JUnitReportReporter -->
<testsuite hostname="LAPTOP-PFK9FELN" failures="0" tests="2" name="TestCases.TestLoginPage" time="31.713" errors="0" timestamp="2025-09-08T11:33:20 IST" skipped="0">
  <testcase classname="TestCases.TestLoginPage" name="LoginWithValidCredentials" time="16.108"/>
  <testcase classname="TestCases.TestLoginPage" name="LoginWithInValidCredentials" time="15.605"/>
</testsuite> <!-- TestCases.TestLoginPage -->
